[debug] [2022-08-24T08:47:46.700Z] ----------------------------------------------------------------------
[debug] [2022-08-24T08:47:46.702Z] Command:       /usr/local/bin/firebase /home/samu/.cache/firebase/tools/lib/node_modules/firebase-tools/lib/bin/firebase init hosting:github
[debug] [2022-08-24T08:47:46.703Z] CLI Version:   11.8.0
[debug] [2022-08-24T08:47:46.703Z] Platform:      linux
[debug] [2022-08-24T08:47:46.703Z] Node Version:  v16.16.0
[debug] [2022-08-24T08:47:46.703Z] Time:          Wed Aug 24 2022 11:47:46 GMT+0300 (East Africa Time)
[debug] [2022-08-24T08:47:46.704Z] ----------------------------------------------------------------------
[debug] 
[debug] [2022-08-24T08:47:46.776Z] > command requires scopes: ["email","openid","https://www.googleapis.com/auth/cloudplatformprojects.readonly","https://www.googleapis.com/auth/firebase","https://www.googleapis.com/auth/cloud-platform"]
[debug] [2022-08-24T08:47:46.776Z] > authorizing via signed-in user (samuelnzomo4@gmail.com)
[info] 
     ######## #### ########  ######## ########     ###     ######  ########
     ##        ##  ##     ## ##       ##     ##  ##   ##  ##       ##
     ######    ##  ########  ######   ########  #########  ######  ######
     ##        ##  ##    ##  ##       ##     ## ##     ##       ## ##
     ##       #### ##     ## ######## ########  ##     ##  ######  ########

You're about to initialize a Firebase project in this directory:

  /home/samu

Before we get started, keep in mind:

  * You are initializing within an existing Firebase project directory

[info] 
=== Project Setup
[info] 
[info] First, let's associate this project directory with a Firebase project.
[info] You can create multiple project aliases by running firebase use --add, 
[info] but for now we'll just set up a default project.
[info] 
[debug] [2022-08-24T08:47:46.781Z] Using project from CLI flag: samu-marketplace
[debug] [2022-08-24T08:47:46.784Z] >>> [apiv2][query] GET https://firebase.googleapis.com/v1beta1/projects/samu-marketplace [none]
[debug] [2022-08-24T08:47:47.641Z] <<< [apiv2][status] GET https://firebase.googleapis.com/v1beta1/projects/samu-marketplace 200
[debug] [2022-08-24T08:47:47.642Z] <<< [apiv2][body] GET https://firebase.googleapis.com/v1beta1/projects/samu-marketplace {"projectId":"samu-marketplace","projectNumber":"272029979320","displayName":"samu marketplace","name":"projects/samu-marketplace","resources":{"hostingSite":"samu-marketplace","storageBucket":"samu-marketplace.appspot.com","locationId":"us-central"},"state":"ACTIVE","etag":"1_a8206f9d-23b4-49eb-bbd1-fd048ad9facb"}
[info] i  Using project samu-marketplace (samu marketplace) 
[info] 
=== Hosting:github Setup
[info] 
[info] i  Detected a .git folder at /home/samu/Desktop/Projects/Samutect-NFT-marketplace 
[info] i  Authorizing with GitHub to upload your service account to a GitHub repository's secrets store. 
[info] 
[info] Visit this URL on this device to log in:
[info] https://github.com/login/oauth/authorize?client_id=89cf50f02ac6aaed3484&state=795651003&redirect_uri=http%3A%2F%2Flocalhost%3A9005&scope=read%3Auser%20repo%20public_repo
[info] 
[info] Waiting for authentication...
[debug] [2022-08-24T08:47:49.292Z] >>> [apiv2][query] POST https://github.com/login/oauth/access_token [none]
[debug] [2022-08-24T08:47:49.293Z] >>> [apiv2][body] POST https://github.com/login/oauth/access_token [stream]
[debug] [2022-08-24T08:47:50.089Z] <<< [apiv2][status] POST https://github.com/login/oauth/access_token 200
[debug] [2022-08-24T08:47:50.089Z] <<< [apiv2][body] POST https://github.com/login/oauth/access_token {"access_token":"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","token_type":"bearer","scope":"read:user,repo"}
[debug] [2022-08-24T08:47:50.114Z] >>> [apiv2][query] GET https://api.github.com/user [none]
[debug] [2022-08-24T08:47:51.017Z] <<< [apiv2][status] GET https://api.github.com/user 200
[debug] [2022-08-24T08:47:51.018Z] <<< [apiv2][body] GET https://api.github.com/user {"login":"4SAMU","id":104621754,"node_id":"U_kgDOBjxmug","avatar_url":"https://avatars.githubusercontent.com/u/104621754?v=4","gravatar_id":"","url":"https://api.github.com/users/4SAMU","html_url":"https://github.com/4SAMU","followers_url":"https://api.github.com/users/4SAMU/followers","following_url":"https://api.github.com/users/4SAMU/following{/other_user}","gists_url":"https://api.github.com/users/4SAMU/gists{/gist_id}","starred_url":"https://api.github.com/users/4SAMU/starred{/owner}{/repo}","subscriptions_url":"https://api.github.com/users/4SAMU/subscriptions","organizations_url":"https://api.github.com/users/4SAMU/orgs","repos_url":"https://api.github.com/users/4SAMU/repos","events_url":"https://api.github.com/users/4SAMU/events{/privacy}","received_events_url":"https://api.github.com/users/4SAMU/received_events","type":"User","site_admin":false,"name":"SAMUEL","company":null,"blog":"","location":null,"email":null,"hireable":null,"bio":null,"twitter_username":"sam_nzomo","public_repos":27,"public_gists":0,"followers":1,"following":4,"created_at":"2022-04-29T08:36:54Z","updated_at":"2022-08-23T13:52:48Z","private_gists":0,"total_private_repos":0,"owned_private_repos":0,"disk_usage":172395,"collaborators":0,"two_factor_authentication":false,"plan":{"name":"free","space":976562499,"collaborators":0,"private_repos":10000}}
[info] 
[info] ✔  Success! Logged into GitHub as 4SAMU 
[info] 
